
> dev:admin
> npm run dev -w @discordvip/admin


> @discordvip/admin@1.0.0 dev
> vite

Port 4173 is in use, trying another one...

  [32m[1mVITE[22m v6.4.1[39m  [2mready in [0m[1m345[22m[2m[0m ms[22m

  [32m➜[39m  [1mLocal[22m:   [36mhttp://localhost:[1m4174[22m/[39m
  [32m➜[39m  [1mNetwork[22m: [36mhttp://192.168.1.123:[1m4174[22m/[39m
  [32m➜[39m  [1mNetwork[22m: [36mhttp://172.21.16.1:[1m4174[22m/[39m
[2m4:28:37 PM[22m [36m[1m[vite][22m[39m [32mvite.config.ts changed, restarting server...[39m
[2m4:28:37 PM[22m [36m[1m[vite][22m[39m [90m[2m(client)[22m[39m Re-optimizing dependencies because vite config has changed
[2m4:28:37 PM[22m [36m[1m[vite][22m[39m server restarted.
[2m4:28:39 PM[22m [36m[1m[vite][22m[39m [32m.env changed, restarting server...[39m
[2m4:28:39 PM[22m [36m[1m[vite][22m[39m server restarted.

  [32m➜[39m  [1mLocal[22m:   [36mhttp://localhost:[1m4511[22m/[39m
  [32m➜[39m  [1mNetwork[22m: [36mhttp://192.168.1.123:[1m4511[22m/[39m
  [32m➜[39m  [1mNetwork[22m: [36mhttp://172.21.16.1:[1m4511[22m/[39m
npm error Lifecycle script `dev` failed with error:
npm error code 4294967295
npm error path D:\discordvip\apps\admin
npm error workspace @discordvip/admin@1.0.0
npm error location D:\discordvip\apps\admin
npm error command failed
npm error command C:\WINDOWS\system32\cmd.exe /d /s /c vite
