
> dev:server
> npm run dev -w @discordvip/server


> @discordvip/server@1.0.0 dev
> tsx watch src/index.ts

{"level":"info","message":"Discord bot startup skipped","meta":{"reason":"DISCORD_BOT_ENABLED=false"},"time":"2026-03-08T09:31:36.054Z"}
{"level":"info","message":"Server started","meta":{"port":4510},"time":"2026-03-08T09:31:36.067Z"}
5:30:19 PM [tsx] change in ./src\config.ts Restarting...
c{"level":"info","message":"Discord bot startup skipped","meta":{"reason":"DISCORD_BOT_ENABLED=false"},"time":"2026-03-08T10:30:20.489Z"}
{"level":"info","message":"Server started","meta":{"port":4510},"time":"2026-03-08T10:30:20.504Z"}
5:30:56 PM [tsx] unlink in ./src\index.ts Restarting...
c
node:internal/modules/run_main:107
    triggerUncaughtException(
    ^
Error [ERR_MODULE_NOT_FOUND]: Cannot find module 'D:\discordvip\apps\server\src\index.ts' imported from D:\discordvip\apps\server\
    at finalizeResolution (node:internal/modules/esm/resolve:275:11)
    at moduleResolve (node:internal/modules/esm/resolve:866:10)
    at defaultResolve (node:internal/modules/esm/resolve:992:11)
    at nextResolve (node:internal/modules/esm/hooks:785:28)
    at resolveBase (file:///D:/discordvip/node_modules/tsx/dist/esm/index.mjs?1772965856680:2:3744)
    at resolveDirectory (file:///D:/discordvip/node_modules/tsx/dist/esm/index.mjs?1772965856680:2:4243)
    at resolveTsPaths (file:///D:/discordvip/node_modules/tsx/dist/esm/index.mjs?1772965856680:2:4984)
    at resolve (file:///D:/discordvip/node_modules/tsx/dist/esm/index.mjs?1772965856680:2:5361)
    at nextResolve (node:internal/modules/esm/hooks:785:28)
    at AsyncLoaderHooksOnLoaderHookWorker.resolve (node:internal/modules/esm/hooks:269:30) {
  code: 'ERR_MODULE_NOT_FOUND',
  url: 'file:///D:/discordvip/apps/server/src/index.ts'
}

Node.js v24.13.1
5:31:16 PM [tsx] change in ./src\services\admin-service.ts Rerunning...
c{"level":"info","message":"Discord bot startup skipped","meta":{"reason":"DISCORD_BOT_ENABLED=false"},"time":"2026-03-08T10:31:18.256Z"}
{"level":"info","message":"Server started","meta":{"port":4510},"time":"2026-03-08T10:31:18.275Z"}
5:31:25 PM [tsx] change in ./src\services\payment-service.ts Restarting...
c{"level":"info","message":"Discord bot startup skipped","meta":{"reason":"DISCORD_BOT_ENABLED=false"},"time":"2026-03-08T10:31:27.122Z"}
{"level":"info","message":"Server started","meta":{"port":4510},"time":"2026-03-08T10:31:27.136Z"}
5:31:30 PM [tsx] change in ./src\http\admin.ts Restarting...
c{"level":"info","message":"Discord bot startup skipped","meta":{"reason":"DISCORD_BOT_ENABLED=false"},"time":"2026-03-08T10:31:31.646Z"}
{"level":"info","message":"Server started","meta":{"port":4510},"time":"2026-03-08T10:31:31.662Z"}
npm error Lifecycle script `dev` failed with error:
npm error code 4294967295
npm error path D:\discordvip\apps\server
npm error workspace @discordvip/server@1.0.0
npm error location D:\discordvip\apps\server
npm error command failed
npm error command C:\WINDOWS\system32\cmd.exe /d /s /c tsx watch src/index.ts
