
> @discordvip/server@1.0.0 dev
> tsx watch src/index.ts

{"level":"error","message":"Failed to bootstrap server","meta":{"error":{"name":"Error","message":"Used disallowed intents","stack":"Error: Used disallowed intents\n    at WebSocketShard.onClose (D:\\discordvip\\node_modules\\@discordjs\\ws\\src\\ws\\WebSocketShard.ts:815:13)\n    at WebSocket.connection.onclose (D:\\discordvip\\node_modules\\@discordjs\\ws\\src\\ws\\WebSocketShard.ts:203:14)\n    at callListener (D:\\discordvip\\node_modules\\ws\\lib\\event-target.js:290:14)\n    at WebSocket.onClose (D:\\discordvip\\node_modules\\ws\\lib\\event-target.js:220:9)\n    at WebSocket.emit (node:events:508:28)\n    at WebSocket.emitClose (D:\\discordvip\\node_modules\\ws\\lib\\websocket.js:273:10)\n    at TLSSocket.socketOnClose (D:\\discordvip\\node_modules\\ws\\lib\\websocket.js:1346:15)\n    at TLSSocket.emit (node:events:520:35)\n    at node:net:346:12\n    at TCP.done (node:internal/tls/wrap:666:7)"}},"time":"2026-03-09T16:48:44.184Z"}
12:36:02 AM [tsx] change in ./src\lib\billing.ts Rerunning...
cnode:events:486
      throw er; // Unhandled 'error' event
      ^

Error: listen EADDRINUSE: address already in use :::3001
    at Server.setupListenHandle [as _listen2] (node:net:1940:16)
    at listenInCluster (node:net:1997:12)
    at Server.listen (node:net:2102:7)
    at app.listen (D:\discordvip\node_modules\express\lib\application.js:635:24)
    at bootstrap (D:\discordvip\apps\server\src\index.ts:258:7)
    at process.processTicksAndRejections (node:internal/process/task_queues:103:5)
Emitted 'error' event on Server instance at:
    at emitErrorNT (node:net:1976:8)
    at process.processTicksAndRejections (node:internal/process/task_queues:89:21) {
  code: 'EADDRINUSE',
  errno: -4091,
  syscall: 'listen',
  address: '::',
  port: 3001
}

Node.js v24.13.1
12:36:57 AM [tsx] unlink in ./src\services\discord-service.ts Rerunning...
cnode:events:486
      throw er; // Unhandled 'error' event
      ^

Error: listen EADDRINUSE: address already in use :::3001
    at Server.setupListenHandle [as _listen2] (node:net:1940:16)
    at listenInCluster (node:net:1997:12)
    at Server.listen (node:net:2102:7)
    at app.listen (D:\discordvip\node_modules\express\lib\application.js:635:24)
    at bootstrap (D:\discordvip\apps\server\src\index.ts:258:7)
    at process.processTicksAndRejections (node:internal/process/task_queues:103:5)
Emitted 'error' event on Server instance at:
    at emitErrorNT (node:net:1976:8)
    at process.processTicksAndRejections (node:internal/process/task_queues:89:21) {
  code: 'EADDRINUSE',
  errno: -4091,
  syscall: 'listen',
  address: '::',
  port: 3001
}

Node.js v24.13.1
12:53:40 AM [tsx] change in ./src\index.ts Rerunning...
cnode:events:486
      throw er; // Unhandled 'error' event
      ^

Error: listen EADDRINUSE: address already in use :::3001
    at Server.setupListenHandle [as _listen2] (node:net:1940:16)
    at listenInCluster (node:net:1997:12)
    at Server.listen (node:net:2102:7)
    at app.listen (D:\discordvip\node_modules\express\lib\application.js:635:24)
    at bootstrap (D:\discordvip\apps\server\src\index.ts:258:7)
    at process.processTicksAndRejections (node:internal/process/task_queues:103:5)
Emitted 'error' event on Server instance at:
    at emitErrorNT (node:net:1976:8)
    at process.processTicksAndRejections (node:internal/process/task_queues:89:21) {
  code: 'EADDRINUSE',
  errno: -4091,
  syscall: 'listen',
  address: '::',
  port: 3001
}

Node.js v24.13.1
npm error Lifecycle script `dev` failed with error:
npm error code 4294967295
npm error path D:\discordvip\apps\server
npm error workspace @discordvip/server@1.0.0
npm error location D:\discordvip\apps\server
npm error command failed
npm error command C:\WINDOWS\system32\cmd.exe /d /s /c tsx watch src/index.ts
